<?xml version="1.0" encoding="UTF-8"?>
<testsuites name="Test Suite" time="283.704" tests="1" failures="0" errors="0">
   <testsuite name="Test Suite" tests="1" failures="0" errors="0" time="283.704" skipped="0" timestamp="2023-12-15 13:16:58" hostname="La - La" id="Test Suites/Test Suite">
      <properties>
         <property name="deviceName" value=""/>
         <property name="devicePlatform" value=""/>
         <property name="logFolder" value="C:\\Users\\laras\\OneDrive\\Documents\\Studi Independen\\Altera\\Capstone Project\\WebsiteTest\\Reports\\20231215_131647\\Test Suite\\20231215_131647"/>
         <property name="logFiles" value="C:\\Users\\laras\\OneDrive\\Documents\\Studi Independen\\Altera\\Capstone Project\\WebsiteTest\\Reports\\20231215_131647\\Test Suite\\20231215_131647\\execution0.log"/>
         <property name="attachments" value="C:\\Users\\laras\\OneDrive\\Documents\\Studi Independen\\Altera\\Capstone Project\\WebsiteTest\\Reports\\20231215_131647\\Test Suite\\20231215_131647\\1702621191932.png, C:\\Users\\laras\\OneDrive\\Documents\\Studi Independen\\Altera\\Capstone Project\\WebsiteTest\\Reports\\20231215_131647\\Test Suite\\20231215_131647\\1702621206033.png, C:\\Users\\laras\\OneDrive\\Documents\\Studi Independen\\Altera\\Capstone Project\\WebsiteTest\\Reports\\20231215_131647\\Test Suite\\20231215_131647\\1702621285211.png"/>
         <property name="hostName" value="La - La"/>
         <property name="os" value="Windows 11 64bit"/>
         <property name="katalonVersion" value="8.6.5.208"/>
         <property name="browser" value="Edge Chromium 120"/>
         <property name="hostAddress" value="192.168.0.150"/>
         <property name="sessionId" value="0782a0645adbf875acb6956cd74372d0"/>
         <property name="seleniumVersion" value="3.141.59"/>
         <property name="proxyInformation" value="ProxyInformation { proxyOption=NO_PROXY, proxyServerType=HTTP, username=, password=********, proxyServerAddress=, proxyServerPort=0, executionList=&quot;&quot;, isApplyToDesiredCapabilities=true }"/>
         <property name="platform" value="Windows 11"/>
      </properties>
      <testcase name="Test Cases/Test_BDD" time="283.445" classname="Test Cases/Test_BDD" status="PASSED">
         <system-out><![CDATA[2023-12-15 13:16:59 - [TEST_CASE][PASSED] - Test Cases/Test_BDD: Test Cases/Test_BDD

2023-12-15 13:16:59 - [TEST_STEP][PASSED] - runFeatureFile("Include/features/Dokter/Dokter-Login.feature"): Feature file: 'Include/features/Dokter/Dokter-Login.feature' was passed

2023-12-15 13:16:59 - [MESSAGE][INFO] - Starting run keyword runFeatureFile: 'Include/features/Dokter/Dokter-Login.feature' and extract report to folder: 'C:\Users\laras\OneDrive\Documents\Studi Independen\Altera\Capstone Project\WebsiteTest\Reports\20231215_131647\Test Suite\20231215_131647/cucumber_report/1702621019467'...

2023-12-15 13:17:00 - [TEST_CASE][PASSED] - Start Test Case : SCENARIO Login with valid data: SCENARIO Login with valid data

2023-12-15 13:17:00 - [TEST_STEP][PASSED] - I navigate to login page: I navigate to login page

2023-12-15 13:17:00 - [MESSAGE][INFO] - Starting 'Edge Chromium' driver

2023-12-15 13:17:03 - [MESSAGE][INFO] - Action delay is set to 0 milliseconds

2023-12-15 13:17:05 - [MESSAGE][PASSED] - Browser is opened with url: ''

2023-12-15 13:17:07 - [MESSAGE][PASSED] - Navigate to 'https://empathicare-dokter.vercel.app/login-dokter' successfully

2023-12-15 13:17:07 - [MESSAGE][PASSED] - Current window maximized

2023-12-15 13:17:09 - [MESSAGE][PASSED] - Delayed 2 second(s)

2023-12-15 13:17:09 - [MESSAGE][PASSED] - I navigate to login page

2023-12-15 13:17:09 - [TEST_STEP][PASSED] - I input Dokter6@gmail.com and Dokter@1: I input Dokter6@gmail.com and Dokter@1

2023-12-15 13:17:10 - [MESSAGE][PASSED] - Text 'Dokter6@gmail.com' is set on object 'Object Repository/Dokter-LoginDoctor/input_Masukkan Email Anda_email'

2023-12-15 13:17:12 - [MESSAGE][PASSED] - Delayed 2 second(s)

2023-12-15 13:17:13 - [MESSAGE][PASSED] - Text 'Dokter@1' is set on object 'Object Repository/Dokter-LoginDoctor/input_Masuk_password'

2023-12-15 13:17:15 - [MESSAGE][PASSED] - Delayed 2 second(s)

2023-12-15 13:17:15 - [MESSAGE][PASSED] - I input Dokter6@gmail.com and Dokter@1

2023-12-15 13:17:15 - [TEST_STEP][PASSED] - I click login button: I click login button

2023-12-15 13:17:15 - [MESSAGE][PASSED] - Object: 'Object Repository/Dokter-LoginDoctor/input_Masuk_checkbox me-2' is clicked on

2023-12-15 13:17:16 - [MESSAGE][PASSED] - Object: 'Object Repository/Dokter-LoginDoctor/button_Masuk' is clicked on

2023-12-15 13:17:18 - [MESSAGE][PASSED] - Delayed 2 second(s)

2023-12-15 13:17:18 - [MESSAGE][PASSED] - I click login button

2023-12-15 13:17:18 - [TEST_STEP][PASSED] - I navigate to dashboard: I navigate to dashboard

2023-12-15 13:17:18 - [MESSAGE][PASSED] - Object 'Object Repository/Dokter-LoginDoctor/img' is present

2023-12-15 13:17:20 - [MESSAGE][PASSED] - Delayed 2 second(s)

2023-12-15 13:17:21 - [MESSAGE][PASSED] - Browser is closed

2023-12-15 13:17:21 - [MESSAGE][PASSED] - I navigate to dashboard

2023-12-15 13:17:21 - [TEST_CASE][PASSED] - Start Test Case : SCENARIO Login with invalid data: SCENARIO Login with invalid data

2023-12-15 13:17:21 - [TEST_STEP][PASSED] - I navigate to login page: I navigate to login page

2023-12-15 13:17:21 - [MESSAGE][INFO] - Starting 'Edge Chromium' driver

2023-12-15 13:17:23 - [MESSAGE][INFO] - Action delay is set to 0 milliseconds

2023-12-15 13:17:24 - [MESSAGE][PASSED] - Browser is opened with url: ''

2023-12-15 13:17:27 - [MESSAGE][PASSED] - Navigate to 'https://empathicare-dokter.vercel.app/login-dokter' successfully

2023-12-15 13:17:27 - [MESSAGE][PASSED] - Current window maximized

2023-12-15 13:17:29 - [MESSAGE][PASSED] - Delayed 2 second(s)

2023-12-15 13:17:29 - [MESSAGE][PASSED] - I navigate to login page

2023-12-15 13:17:29 - [TEST_STEP][PASSED] - I input Dokter6@gmail.com and xxx: I input Dokter6@gmail.com and xxx

2023-12-15 13:17:30 - [MESSAGE][PASSED] - Text 'Dokter6@gmail.com' is set on object 'Object Repository/Dokter-LoginDoctor/input_Masukkan Email Anda_email'

2023-12-15 13:17:32 - [MESSAGE][PASSED] - Delayed 2 second(s)

2023-12-15 13:17:33 - [MESSAGE][PASSED] - Text 'xxx' is set on object 'Object Repository/Dokter-LoginDoctor/input_Masuk_password'

2023-12-15 13:17:35 - [MESSAGE][PASSED] - Delayed 2 second(s)

2023-12-15 13:17:35 - [MESSAGE][PASSED] - I input Dokter6@gmail.com and xxx

2023-12-15 13:17:35 - [TEST_STEP][PASSED] - I click login button: I click login button

2023-12-15 13:17:35 - [MESSAGE][PASSED] - Object: 'Object Repository/Dokter-LoginDoctor/input_Masuk_checkbox me-2' is clicked on

2023-12-15 13:17:36 - [MESSAGE][PASSED] - Object: 'Object Repository/Dokter-LoginDoctor/button_Masuk' is clicked on

2023-12-15 13:17:38 - [MESSAGE][PASSED] - Delayed 2 second(s)

2023-12-15 13:17:38 - [MESSAGE][PASSED] - I click login button

2023-12-15 13:17:38 - [TEST_STEP][PASSED] - Error message showed: Error message showed

2023-12-15 13:17:38 - [MESSAGE][PASSED] - Browser is closed

2023-12-15 13:17:38 - [MESSAGE][PASSED] - Error message showed

2023-12-15 13:17:38 - [TEST_CASE][PASSED] - Start Test Case : SCENARIO Login with invalid data: SCENARIO Login with invalid data

2023-12-15 13:17:38 - [TEST_STEP][PASSED] - I navigate to login page: I navigate to login page

2023-12-15 13:17:38 - [MESSAGE][INFO] - Starting 'Edge Chromium' driver

2023-12-15 13:17:41 - [MESSAGE][INFO] - Action delay is set to 0 milliseconds

2023-12-15 13:17:41 - [MESSAGE][PASSED] - Browser is opened with url: ''

2023-12-15 13:17:44 - [MESSAGE][PASSED] - Navigate to 'https://empathicare-dokter.vercel.app/login-dokter' successfully

2023-12-15 13:17:45 - [MESSAGE][PASSED] - Current window maximized

2023-12-15 13:17:47 - [MESSAGE][PASSED] - Delayed 2 second(s)

2023-12-15 13:17:47 - [MESSAGE][PASSED] - I navigate to login page

2023-12-15 13:17:47 - [TEST_STEP][PASSED] - I input lalala and Dokter@1: I input lalala and Dokter@1

2023-12-15 13:17:47 - [MESSAGE][PASSED] - Text 'lalala' is set on object 'Object Repository/Dokter-LoginDoctor/input_Masukkan Email Anda_email'

2023-12-15 13:17:49 - [MESSAGE][PASSED] - Delayed 2 second(s)

2023-12-15 13:17:50 - [MESSAGE][PASSED] - Text 'Dokter@1' is set on object 'Object Repository/Dokter-LoginDoctor/input_Masuk_password'

2023-12-15 13:17:52 - [MESSAGE][PASSED] - Delayed 2 second(s)

2023-12-15 13:17:52 - [MESSAGE][PASSED] - I input lalala and Dokter@1

2023-12-15 13:17:52 - [TEST_STEP][PASSED] - I click login button: I click login button

2023-12-15 13:17:53 - [MESSAGE][PASSED] - Object: 'Object Repository/Dokter-LoginDoctor/input_Masuk_checkbox me-2' is clicked on

2023-12-15 13:17:53 - [MESSAGE][PASSED] - Object: 'Object Repository/Dokter-LoginDoctor/button_Masuk' is clicked on

2023-12-15 13:17:55 - [MESSAGE][PASSED] - Delayed 2 second(s)

2023-12-15 13:17:55 - [MESSAGE][PASSED] - I click login button

2023-12-15 13:17:55 - [TEST_STEP][PASSED] - Error message showed: Error message showed

2023-12-15 13:17:56 - [MESSAGE][PASSED] - Browser is closed

2023-12-15 13:17:56 - [MESSAGE][PASSED] - Error message showed

2023-12-15 13:17:56 - [TEST_CASE][PASSED] - Start Test Case : SCENARIO Login with invalid data: SCENARIO Login with invalid data

2023-12-15 13:17:56 - [TEST_STEP][PASSED] - I navigate to login page: I navigate to login page

2023-12-15 13:17:56 - [MESSAGE][INFO] - Starting 'Edge Chromium' driver

2023-12-15 13:17:58 - [MESSAGE][INFO] - Action delay is set to 0 milliseconds

2023-12-15 13:17:59 - [MESSAGE][PASSED] - Browser is opened with url: ''

2023-12-15 13:18:01 - [MESSAGE][PASSED] - Navigate to 'https://empathicare-dokter.vercel.app/login-dokter' successfully

2023-12-15 13:18:01 - [MESSAGE][PASSED] - Current window maximized

2023-12-15 13:18:03 - [MESSAGE][PASSED] - Delayed 2 second(s)

2023-12-15 13:18:03 - [MESSAGE][PASSED] - I navigate to login page

2023-12-15 13:18:03 - [TEST_STEP][PASSED] - I input lalala and xxx: I input lalala and xxx

2023-12-15 13:18:04 - [MESSAGE][PASSED] - Text 'lalala' is set on object 'Object Repository/Dokter-LoginDoctor/input_Masukkan Email Anda_email'

2023-12-15 13:18:06 - [MESSAGE][PASSED] - Delayed 2 second(s)

2023-12-15 13:18:07 - [MESSAGE][PASSED] - Text 'xxx' is set on object 'Object Repository/Dokter-LoginDoctor/input_Masuk_password'

2023-12-15 13:18:09 - [MESSAGE][PASSED] - Delayed 2 second(s)

2023-12-15 13:18:09 - [MESSAGE][PASSED] - I input lalala and xxx

2023-12-15 13:18:09 - [TEST_STEP][PASSED] - I click login button: I click login button

2023-12-15 13:18:09 - [MESSAGE][PASSED] - Object: 'Object Repository/Dokter-LoginDoctor/input_Masuk_checkbox me-2' is clicked on

2023-12-15 13:18:10 - [MESSAGE][PASSED] - Object: 'Object Repository/Dokter-LoginDoctor/button_Masuk' is clicked on

2023-12-15 13:18:12 - [MESSAGE][PASSED] - Delayed 2 second(s)

2023-12-15 13:18:12 - [MESSAGE][PASSED] - I click login button

2023-12-15 13:18:12 - [TEST_STEP][PASSED] - Error message showed: Error message showed

2023-12-15 13:18:13 - [MESSAGE][PASSED] - Browser is closed

2023-12-15 13:18:13 - [MESSAGE][PASSED] - Error message showed

2023-12-15 13:18:13 - [TEST_CASE][PASSED] - Start Test Case : SCENARIO Login with blank data: SCENARIO Login with blank data

2023-12-15 13:18:13 - [TEST_STEP][PASSED] - I navigate to login page: I navigate to login page

2023-12-15 13:18:13 - [MESSAGE][INFO] - Starting 'Edge Chromium' driver

2023-12-15 13:18:15 - [MESSAGE][INFO] - Action delay is set to 0 milliseconds

2023-12-15 13:18:15 - [MESSAGE][PASSED] - Browser is opened with url: ''

2023-12-15 13:18:19 - [MESSAGE][PASSED] - Navigate to 'https://empathicare-dokter.vercel.app/login-dokter' successfully

2023-12-15 13:18:19 - [MESSAGE][PASSED] - Current window maximized

2023-12-15 13:18:21 - [MESSAGE][PASSED] - Delayed 2 second(s)

2023-12-15 13:18:21 - [MESSAGE][PASSED] - I navigate to login page

2023-12-15 13:18:21 - [TEST_STEP][PASSED] - I input  and Dokter@1: I input  and Dokter@1

2023-12-15 13:18:22 - [MESSAGE][PASSED] - Text '' is set on object 'Object Repository/Dokter-LoginDoctor/input_Masukkan Email Anda_email'

2023-12-15 13:18:24 - [MESSAGE][PASSED] - Delayed 2 second(s)

2023-12-15 13:18:24 - [MESSAGE][PASSED] - Text 'Dokter@1' is set on object 'Object Repository/Dokter-LoginDoctor/input_Masuk_password'

2023-12-15 13:18:26 - [MESSAGE][PASSED] - Delayed 2 second(s)

2023-12-15 13:18:26 - [MESSAGE][PASSED] - I input  and Dokter@1

2023-12-15 13:18:26 - [TEST_STEP][PASSED] - I click login button: I click login button

2023-12-15 13:18:27 - [MESSAGE][PASSED] - Object: 'Object Repository/Dokter-LoginDoctor/input_Masuk_checkbox me-2' is clicked on

2023-12-15 13:18:27 - [MESSAGE][PASSED] - Object: 'Object Repository/Dokter-LoginDoctor/button_Masuk' is clicked on

2023-12-15 13:18:29 - [MESSAGE][PASSED] - Delayed 2 second(s)

2023-12-15 13:18:29 - [MESSAGE][PASSED] - I click login button

2023-12-15 13:18:29 - [TEST_STEP][PASSED] - Error message showed: Error message showed

2023-12-15 13:18:30 - [MESSAGE][PASSED] - Browser is closed

2023-12-15 13:18:30 - [MESSAGE][PASSED] - Error message showed

2023-12-15 13:18:30 - [TEST_CASE][PASSED] - Start Test Case : SCENARIO Login with blank data: SCENARIO Login with blank data

2023-12-15 13:18:30 - [TEST_STEP][PASSED] - I navigate to login page: I navigate to login page

2023-12-15 13:18:30 - [MESSAGE][INFO] - Starting 'Edge Chromium' driver

2023-12-15 13:18:32 - [MESSAGE][INFO] - Action delay is set to 0 milliseconds

2023-12-15 13:18:33 - [MESSAGE][PASSED] - Browser is opened with url: ''

2023-12-15 13:18:39 - [MESSAGE][PASSED] - Navigate to 'https://empathicare-dokter.vercel.app/login-dokter' successfully

2023-12-15 13:18:39 - [MESSAGE][PASSED] - Current window maximized

2023-12-15 13:18:41 - [MESSAGE][PASSED] - Delayed 2 second(s)

2023-12-15 13:18:41 - [MESSAGE][PASSED] - I navigate to login page

2023-12-15 13:18:41 - [TEST_STEP][PASSED] - I input Dokter6@gmail.com and : I input Dokter6@gmail.com and 

2023-12-15 13:18:42 - [MESSAGE][PASSED] - Text 'Dokter6@gmail.com' is set on object 'Object Repository/Dokter-LoginDoctor/input_Masukkan Email Anda_email'

2023-12-15 13:18:44 - [MESSAGE][PASSED] - Delayed 2 second(s)

2023-12-15 13:18:45 - [MESSAGE][PASSED] - Text '' is set on object 'Object Repository/Dokter-LoginDoctor/input_Masuk_password'

2023-12-15 13:18:47 - [MESSAGE][PASSED] - Delayed 2 second(s)

2023-12-15 13:18:47 - [MESSAGE][PASSED] - I input Dokter6@gmail.com and 

2023-12-15 13:18:47 - [TEST_STEP][PASSED] - I click login button: I click login button

2023-12-15 13:18:47 - [MESSAGE][PASSED] - Object: 'Object Repository/Dokter-LoginDoctor/input_Masuk_checkbox me-2' is clicked on

2023-12-15 13:18:48 - [MESSAGE][PASSED] - Object: 'Object Repository/Dokter-LoginDoctor/button_Masuk' is clicked on

2023-12-15 13:18:50 - [MESSAGE][PASSED] - Delayed 2 second(s)

2023-12-15 13:18:50 - [MESSAGE][PASSED] - I click login button

2023-12-15 13:18:50 - [TEST_STEP][PASSED] - Error message showed: Error message showed

2023-12-15 13:18:51 - [MESSAGE][PASSED] - Browser is closed

2023-12-15 13:18:51 - [MESSAGE][PASSED] - Error message showed

2023-12-15 13:18:51 - [TEST_CASE][PASSED] - Start Test Case : SCENARIO Login with Google account: SCENARIO Login with Google account

2023-12-15 13:18:51 - [TEST_STEP][PASSED] - I navigate to login page: I navigate to login page

2023-12-15 13:18:51 - [MESSAGE][INFO] - Starting 'Edge Chromium' driver

2023-12-15 13:18:53 - [MESSAGE][INFO] - Action delay is set to 0 milliseconds

2023-12-15 13:18:54 - [MESSAGE][PASSED] - Browser is opened with url: ''

2023-12-15 13:18:57 - [MESSAGE][PASSED] - Navigate to 'https://empathicare-dokter.vercel.app/login-dokter' successfully

2023-12-15 13:18:57 - [MESSAGE][PASSED] - Current window maximized

2023-12-15 13:18:59 - [MESSAGE][PASSED] - Delayed 2 second(s)

2023-12-15 13:18:59 - [MESSAGE][PASSED] - I navigate to login page

2023-12-15 13:18:59 - [TEST_STEP][PASSED] - I click button login by Google: I click button login by Google

2023-12-15 13:19:00 - [MESSAGE][PASSED] - Object: 'Object Repository/Dokter-LoginDoctor/div_Google' is clicked on

2023-12-15 13:19:02 - [MESSAGE][PASSED] - Delayed 2 second(s)

2023-12-15 13:19:02 - [MESSAGE][PASSED] - I click button login by Google

2023-12-15 13:19:02 - [TEST_STEP][PASSED] - I navigate to choose my Google account: I navigate to choose my Google account

2023-12-15 13:19:03 - [MESSAGE][PASSED] - Browser is closed

2023-12-15 13:19:03 - [MESSAGE][PASSED] - I navigate to choose my Google account

2023-12-15 13:19:03 - [TEST_CASE][PASSED] - Start Test Case : SCENARIO Forgot Password: SCENARIO Forgot Password

2023-12-15 13:19:03 - [TEST_STEP][PASSED] - I navigate to login page: I navigate to login page

2023-12-15 13:19:03 - [MESSAGE][INFO] - Starting 'Edge Chromium' driver

2023-12-15 13:19:05 - [MESSAGE][INFO] - Action delay is set to 0 milliseconds

2023-12-15 13:19:06 - [MESSAGE][PASSED] - Browser is opened with url: ''

2023-12-15 13:19:09 - [MESSAGE][PASSED] - Navigate to 'https://empathicare-dokter.vercel.app/login-dokter' successfully

2023-12-15 13:19:09 - [MESSAGE][PASSED] - Current window maximized

2023-12-15 13:19:11 - [MESSAGE][PASSED] - Delayed 2 second(s)

2023-12-15 13:19:11 - [MESSAGE][PASSED] - I navigate to login page

2023-12-15 13:19:11 - [TEST_STEP][PASSED] - I click button forgot password: I click button forgot password

2023-12-15 13:19:11 - [MESSAGE][PASSED] - Object: 'Object Repository/Dokter-LoginDoctor/a_Forgot Password' is clicked on

2023-12-15 13:19:13 - [MESSAGE][PASSED] - Delayed 2 second(s)

2023-12-15 13:19:13 - [MESSAGE][PASSED] - I click button forgot password

2023-12-15 13:19:13 - [TEST_STEP][PASSED] - I navigate to reset password page: I navigate to reset password page

2023-12-15 13:19:14 - [MESSAGE][PASSED] - Object 'Object Repository/Dokter-LoginDoctor/h2_Atur Ulang Kata Sandi Anda' is present

2023-12-15 13:19:16 - [MESSAGE][PASSED] - Delayed 2 second(s)

2023-12-15 13:19:16 - [MESSAGE][PASSED] - Browser is closed

2023-12-15 13:19:16 - [MESSAGE][PASSED] - I navigate to reset password page

2023-12-15 13:19:16 - [TEST_CASE][PASSED] - Start Test Case : SCENARIO Verify Regist: SCENARIO Verify Regist

2023-12-15 13:19:16 - [TEST_STEP][PASSED] - I navigate to login page: I navigate to login page

2023-12-15 13:19:16 - [MESSAGE][INFO] - Starting 'Edge Chromium' driver

2023-12-15 13:19:19 - [MESSAGE][INFO] - Action delay is set to 0 milliseconds

2023-12-15 13:19:19 - [MESSAGE][PASSED] - Browser is opened with url: ''

2023-12-15 13:19:22 - [MESSAGE][PASSED] - Navigate to 'https://empathicare-dokter.vercel.app/login-dokter' successfully

2023-12-15 13:19:22 - [MESSAGE][PASSED] - Current window maximized

2023-12-15 13:19:24 - [MESSAGE][PASSED] - Delayed 2 second(s)

2023-12-15 13:19:24 - [MESSAGE][PASSED] - I navigate to login page

2023-12-15 13:19:24 - [TEST_STEP][PASSED] - I click button regist: I click button regist

2023-12-15 13:19:25 - [MESSAGE][PASSED] - Object: 'Object Repository/Dokter-LoginDoctor/a_Daftar' is clicked on

2023-12-15 13:19:27 - [MESSAGE][PASSED] - Delayed 2 second(s)

2023-12-15 13:19:27 - [MESSAGE][PASSED] - I click button regist

2023-12-15 13:19:27 - [TEST_STEP][PASSED] - I navigate to regist page: I navigate to regist page

2023-12-15 13:19:27 - [MESSAGE][PASSED] - Object 'Object Repository/Dokter-LoginDoctor/button_Daftar' is present

2023-12-15 13:19:29 - [MESSAGE][PASSED] - Delayed 2 second(s)

2023-12-15 13:19:30 - [MESSAGE][PASSED] - Browser is closed

2023-12-15 13:19:30 - [MESSAGE][PASSED] - I navigate to regist page

2023-12-15 13:19:30 - [MESSAGE][PASSED] - Feature file: 'Include/features/Dokter/Dokter-Login.feature' was passed

2023-12-15 13:19:30 - [TEST_STEP][PASSED] - runFeatureFile("Include/features/Dokter/Dokter-LandingPageDokter.feature"): Feature file: 'Include/features/Dokter/Dokter-LandingPageDokter.feature' was passed

2023-12-15 13:19:30 - [MESSAGE][INFO] - Starting run keyword runFeatureFile: 'Include/features/Dokter/Dokter-LandingPageDokter.feature' and extract report to folder: 'C:\Users\laras\OneDrive\Documents\Studi Independen\Altera\Capstone Project\WebsiteTest\Reports\20231215_131647\Test Suite\20231215_131647/cucumber_report/1702621170541'...

2023-12-15 13:19:30 - [TEST_CASE][PASSED] - Start Test Case : SCENARIO Verify Home button on Navbar: SCENARIO Verify Home button on Navbar

2023-12-15 13:19:30 - [TEST_STEP][PASSED] - I navigate to EmphatiCare landing page: I navigate to EmphatiCare landing page

2023-12-15 13:19:30 - [MESSAGE][INFO] - Starting 'Edge Chromium' driver

2023-12-15 13:19:32 - [MESSAGE][INFO] - Action delay is set to 0 milliseconds

2023-12-15 13:19:33 - [MESSAGE][PASSED] - Browser is opened with url: ''

2023-12-15 13:19:37 - [MESSAGE][PASSED] - Navigate to 'https://empathicare-dokter.vercel.app/' successfully

2023-12-15 13:19:37 - [MESSAGE][PASSED] - Current window maximized

2023-12-15 13:19:37 - [MESSAGE][PASSED] - I navigate to EmphatiCare landing page

2023-12-15 13:19:37 - [TEST_STEP][PASSED] - I verify button and scroll all the navigation hyperlinks: I verify button and scroll all the navigation hyperlinks

2023-12-15 13:19:38 - [MESSAGE][PASSED] - Object: 'Object Repository/Dokter-LandingPageDoctor/a_Home' is clicked on

2023-12-15 13:19:41 - [MESSAGE][PASSED] - Delayed 3 second(s)

2023-12-15 13:19:41 - [MESSAGE][PASSED] - Object: 'Object Repository/Dokter-LandingPageDoctor/a_Service' is clicked on

2023-12-15 13:19:44 - [MESSAGE][PASSED] - Delayed 3 second(s)

2023-12-15 13:19:44 - [MESSAGE][PASSED] - Object: 'Object Repository/Dokter-LandingPageDoctor/a_About Us' is clicked on

2023-12-15 13:19:47 - [MESSAGE][PASSED] - Delayed 3 second(s)

2023-12-15 13:19:48 - [MESSAGE][PASSED] - Object: 'Object Repository/Dokter-LandingPageDoctor/a_Register' is clicked on

2023-12-15 13:19:51 - [MESSAGE][PASSED] - Delayed 3 second(s)

2023-12-15 13:19:52 - [MESSAGE][PASSED] - Taking screenshot successfully
[[ATTACHMENT|C:\\Users\\laras\\OneDrive\\Documents\\Studi Independen\\Altera\\Capstone Project\\WebsiteTest\\Reports\\20231215_131647\\Test Suite\\20231215_131647\\1702621191932.png]]

2023-12-15 13:19:52 - [MESSAGE][PASSED] - Browser is scrolled to position x = 0, y = 1000

2023-12-15 13:19:54 - [MESSAGE][PASSED] - Object: 'Object Repository/Dokter-LandingPageDoctor/a_Gabung Sebagai Konselor' is clicked on

2023-12-15 13:19:54 - [MESSAGE][PASSED] - I verify button and scroll all the navigation hyperlinks

2023-12-15 13:19:54 - [TEST_STEP][PASSED] - I should be redirected to the correct navigation hyperlinks: I should be redirected to the correct navigation hyperlinks

2023-12-15 13:19:55 - [MESSAGE][PASSED] - Browser is closed

2023-12-15 13:19:55 - [MESSAGE][PASSED] - I should be redirected to the correct navigation hyperlinks

2023-12-15 13:19:55 - [TEST_CASE][PASSED] - Start Test Case : SCENARIO Verify Register Now button: SCENARIO Verify Register Now button

2023-12-15 13:19:55 - [TEST_STEP][PASSED] - I navigate to EmphatiCare landing page: I navigate to EmphatiCare landing page

2023-12-15 13:19:55 - [MESSAGE][INFO] - Starting 'Edge Chromium' driver

2023-12-15 13:19:57 - [MESSAGE][INFO] - Action delay is set to 0 milliseconds

2023-12-15 13:19:58 - [MESSAGE][PASSED] - Browser is opened with url: ''

2023-12-15 13:20:01 - [MESSAGE][PASSED] - Navigate to 'https://empathicare-dokter.vercel.app/' successfully

2023-12-15 13:20:01 - [MESSAGE][PASSED] - Current window maximized

2023-12-15 13:20:01 - [MESSAGE][PASSED] - I navigate to EmphatiCare landing page

2023-12-15 13:20:01 - [TEST_STEP][PASSED] - I click the register now button: I click the register now button

2023-12-15 13:20:02 - [MESSAGE][PASSED] - Object: 'Object Repository/Dokter-LandingPageDoctor/button_Daftar Sebagai Konselor' is clicked on

2023-12-15 13:20:02 - [MESSAGE][PASSED] - I click the register now button

2023-12-15 13:20:02 - [TEST_STEP][PASSED] - I should be redirected to the registration page: I should be redirected to the registration page

2023-12-15 13:20:02 - [MESSAGE][PASSED] - Object 'Object Repository/Dokter-LandingPageDoctor/button_Daftar' is present

2023-12-15 13:20:05 - [MESSAGE][PASSED] - Delayed 3 second(s)

2023-12-15 13:20:06 - [MESSAGE][PASSED] - Taking screenshot successfully
[[ATTACHMENT|C:\\Users\\laras\\OneDrive\\Documents\\Studi Independen\\Altera\\Capstone Project\\WebsiteTest\\Reports\\20231215_131647\\Test Suite\\20231215_131647\\1702621206033.png]]

2023-12-15 13:20:07 - [MESSAGE][PASSED] - Browser is closed

2023-12-15 13:20:07 - [MESSAGE][PASSED] - I should be redirected to the registration page

2023-12-15 13:20:07 - [MESSAGE][PASSED] - Feature file: 'Include/features/Dokter/Dokter-LandingPageDokter.feature' was passed

2023-12-15 13:20:07 - [TEST_STEP][PASSED] - runFeatureFile("Include/features/Dokter/Dokter-DashboardNotifikasiChatBot.feature"): Feature file: 'Include/features/Dokter/Dokter-DashboardNotifikasiChatBot.feature' was passed

2023-12-15 13:20:07 - [MESSAGE][INFO] - Starting run keyword runFeatureFile: 'Include/features/Dokter/Dokter-DashboardNotifikasiChatBot.feature' and extract report to folder: 'C:\Users\laras\OneDrive\Documents\Studi Independen\Altera\Capstone Project\WebsiteTest\Reports\20231215_131647\Test Suite\20231215_131647/cucumber_report/1702621207235'...

2023-12-15 13:20:07 - [TEST_CASE][PASSED] - Start Test Case : SCENARIO Verify Links in the Sidebar Menu: SCENARIO Verify Links in the Sidebar Menu

2023-12-15 13:20:07 - [TEST_STEP][PASSED] - I logged in and was on the dashboard page: I logged in and was on the dashboard page

2023-12-15 13:20:07 - [MESSAGE][INFO] - Starting 'Edge Chromium' driver

2023-12-15 13:20:09 - [MESSAGE][INFO] - Action delay is set to 0 milliseconds

2023-12-15 13:20:10 - [MESSAGE][PASSED] - Browser is opened with url: ''

2023-12-15 13:20:14 - [MESSAGE][PASSED] - Navigate to 'https://empathicare-dokter.vercel.app/dokter/dashboard' successfully

2023-12-15 13:20:14 - [MESSAGE][PASSED] - Current window maximized

2023-12-15 13:20:16 - [MESSAGE][PASSED] - Delayed 2 second(s)

2023-12-15 13:20:16 - [MESSAGE][PASSED] - I logged in and was on the dashboard page

2023-12-15 13:20:16 - [TEST_STEP][PASSED] - I click the sidebar menu: I click the sidebar menu

2023-12-15 13:20:16 - [MESSAGE][PASSED] - Object: 'Object Repository/Dokter-DashboardNotifikasiChatbot/a_Chat' is clicked on

2023-12-15 13:20:18 - [MESSAGE][PASSED] - Delayed 2 second(s)

2023-12-15 13:20:19 - [MESSAGE][PASSED] - Object: 'Object Repository/Dokter-DashboardNotifikasiChatbot/a_Transaksi' is clicked on

2023-12-15 13:20:21 - [MESSAGE][PASSED] - Delayed 2 second(s)

2023-12-15 13:20:21 - [MESSAGE][PASSED] - Object: 'Object Repository/Dokter-DashboardNotifikasiChatbot/a_Pencairan Saldo' is clicked on

2023-12-15 13:20:23 - [MESSAGE][PASSED] - Delayed 2 second(s)

2023-12-15 13:20:24 - [MESSAGE][PASSED] - Object: 'Object Repository/Dokter-DashboardNotifikasiChatbot/a_Konten' is clicked on

2023-12-15 13:20:26 - [MESSAGE][PASSED] - Delayed 2 second(s)

2023-12-15 13:20:26 - [MESSAGE][PASSED] - Object: 'Object Repository/Dokter-DashboardNotifikasiChatbot/a_Dashboard' is clicked on

2023-12-15 13:20:28 - [MESSAGE][PASSED] - Delayed 2 second(s)

2023-12-15 13:20:28 - [MESSAGE][PASSED] - I click the sidebar menu

2023-12-15 13:20:28 - [TEST_STEP][PASSED] - I should verify the functionality and correctness of the links: I should verify the functionality and correctness of the links

2023-12-15 13:20:29 - [MESSAGE][PASSED] - Browser is closed

2023-12-15 13:20:29 - [MESSAGE][PASSED] - I should verify the functionality and correctness of the links

2023-12-15 13:20:29 - [TEST_CASE][PASSED] - Start Test Case : SCENARIO Verify Icons in the Navbar: SCENARIO Verify Icons in the Navbar

2023-12-15 13:20:29 - [TEST_STEP][PASSED] - I logged in and was on the dashboard page: I logged in and was on the dashboard page

2023-12-15 13:20:29 - [MESSAGE][INFO] - Starting 'Edge Chromium' driver

2023-12-15 13:20:31 - [MESSAGE][INFO] - Action delay is set to 0 milliseconds

2023-12-15 13:20:32 - [MESSAGE][PASSED] - Browser is opened with url: ''

2023-12-15 13:20:34 - [MESSAGE][PASSED] - Navigate to 'https://empathicare-dokter.vercel.app/dokter/dashboard' successfully

2023-12-15 13:20:34 - [MESSAGE][PASSED] - Current window maximized

2023-12-15 13:20:36 - [MESSAGE][PASSED] - Delayed 2 second(s)

2023-12-15 13:20:36 - [MESSAGE][PASSED] - I logged in and was on the dashboard page

2023-12-15 13:20:36 - [TEST_STEP][PASSED] - I check the icons in the navbar: I check the icons in the navbar

2023-12-15 13:20:37 - [MESSAGE][PASSED] - Object: 'Object Repository/Dokter-DashboardNotifikasiChatbot/Page_EmphatiCare Doctor/img_via_notif-icon' is clicked on

2023-12-15 13:20:39 - [MESSAGE][PASSED] - Delayed 2 second(s)

2023-12-15 13:20:39 - [MESSAGE][PASSED] - Object: 'Object Repository/Dokter-DashboardNotifikasiChatbot/Page_EmphatiCare Doctor/img_lihat detail_iconNavbar' is clicked on

2023-12-15 13:20:41 - [MESSAGE][PASSED] - Delayed 2 second(s)

2023-12-15 13:20:41 - [MESSAGE][PASSED] - I check the icons in the navbar

2023-12-15 13:20:41 - [TEST_STEP][PASSED] - I should verify the visibility and correctness of the notification icons: I should verify the visibility and correctness of the notification icons

2023-12-15 13:20:42 - [MESSAGE][PASSED] - Browser is closed

2023-12-15 13:20:42 - [MESSAGE][PASSED] - I should verify the visibility and correctness of the notification icons

2023-12-15 13:20:42 - [TEST_CASE][PASSED] - Start Test Case : SCENARIO User Verifies Chat button: SCENARIO User Verifies Chat button

2023-12-15 13:20:42 - [TEST_STEP][PASSED] - I logged in and was on the dashboard page: I logged in and was on the dashboard page

2023-12-15 13:20:42 - [MESSAGE][INFO] - Starting 'Edge Chromium' driver

2023-12-15 13:20:44 - [MESSAGE][INFO] - Action delay is set to 0 milliseconds

2023-12-15 13:20:45 - [MESSAGE][PASSED] - Browser is opened with url: ''

2023-12-15 13:20:49 - [MESSAGE][PASSED] - Navigate to 'https://empathicare-dokter.vercel.app/dokter/dashboard' successfully

2023-12-15 13:20:49 - [MESSAGE][PASSED] - Current window maximized

2023-12-15 13:20:51 - [MESSAGE][PASSED] - Delayed 2 second(s)

2023-12-15 13:20:51 - [MESSAGE][PASSED] - I logged in and was on the dashboard page

2023-12-15 13:20:51 - [TEST_STEP][PASSED] - I click the chatbot button: I click the chatbot button

2023-12-15 13:20:51 - [MESSAGE][PASSED] - Object: 'Object Repository/Dokter-DashboardNotifikasiChatbot/div_Lihat Detail_bg-white px-3 py-3 d-flex _c5ac12' is clicked on

2023-12-15 13:20:53 - [MESSAGE][PASSED] - Delayed 2 second(s)

2023-12-15 13:20:53 - [MESSAGE][PASSED] - I click the chatbot button

2023-12-15 13:20:53 - [TEST_STEP][PASSED] - I select and click the chat button: I select and click the chat button

2023-12-15 13:20:54 - [MESSAGE][PASSED] - Object: 'Object Repository/Dokter-DashboardNotifikasiChatbot/Page_EmphatiCare Doctor/button_Mengatasi Depresi' is clicked on

2023-12-15 13:20:54 - [MESSAGE][PASSED] - Refresh successfully

2023-12-15 13:20:57 - [MESSAGE][PASSED] - Delayed 3 second(s)

2023-12-15 13:20:57 - [MESSAGE][PASSED] - Object: 'Object Repository/Dokter-DashboardNotifikasiChatbot/Page_EmphatiCare Doctor/button_Mengatasi Gangguan Kecemasan' is clicked on

2023-12-15 13:20:58 - [MESSAGE][PASSED] - Refresh successfully

2023-12-15 13:21:01 - [MESSAGE][PASSED] - Delayed 3 second(s)

2023-12-15 13:21:01 - [MESSAGE][PASSED] - Object: 'Object Repository/Dokter-DashboardNotifikasiChatbot/Page_EmphatiCare Doctor/button_Mengatasi Kegilaan' is clicked on

2023-12-15 13:21:01 - [MESSAGE][PASSED] - Refresh successfully

2023-12-15 13:21:04 - [MESSAGE][PASSED] - Delayed 3 second(s)

2023-12-15 13:21:05 - [MESSAGE][PASSED] - Object: 'Object Repository/Dokter-DashboardNotifikasiChatbot/Page_EmphatiCare Doctor/button_Mengatasi Stress' is clicked on

2023-12-15 13:21:25 - [MESSAGE][PASSED] - Taking screenshot successfully
[[ATTACHMENT|C:\\Users\\laras\\OneDrive\\Documents\\Studi Independen\\Altera\\Capstone Project\\WebsiteTest\\Reports\\20231215_131647\\Test Suite\\20231215_131647\\1702621285211.png]]

2023-12-15 13:21:28 - [MESSAGE][PASSED] - Delayed 3 second(s)

2023-12-15 13:21:28 - [MESSAGE][PASSED] - I select and click the chat button

2023-12-15 13:21:28 - [TEST_STEP][PASSED] - I should provide information for Chatbot: I should provide information for Chatbot

2023-12-15 13:21:29 - [MESSAGE][PASSED] - Browser is closed

2023-12-15 13:21:29 - [MESSAGE][PASSED] - I should provide information for Chatbot

2023-12-15 13:21:29 - [TEST_CASE][PASSED] - Start Test Case : SCENARIO User Returns to the Dashboard Page from the Chatbot Page: SCENARIO User Returns to the Dashboard Page from the Chatbot Page

2023-12-15 13:21:29 - [TEST_STEP][PASSED] - I logged in and was on the dashboard page: I logged in and was on the dashboard page

2023-12-15 13:21:29 - [MESSAGE][INFO] - Starting 'Edge Chromium' driver

2023-12-15 13:21:31 - [MESSAGE][INFO] - Action delay is set to 0 milliseconds

2023-12-15 13:21:32 - [MESSAGE][PASSED] - Browser is opened with url: ''

2023-12-15 13:21:34 - [MESSAGE][PASSED] - Navigate to 'https://empathicare-dokter.vercel.app/dokter/dashboard' successfully

2023-12-15 13:21:34 - [MESSAGE][PASSED] - Current window maximized

2023-12-15 13:21:36 - [MESSAGE][PASSED] - Delayed 2 second(s)

2023-12-15 13:21:36 - [MESSAGE][PASSED] - I logged in and was on the dashboard page

2023-12-15 13:21:36 - [TEST_STEP][PASSED] - I click the chatbot button: I click the chatbot button

2023-12-15 13:21:37 - [MESSAGE][PASSED] - Object: 'Object Repository/Dokter-DashboardNotifikasiChatbot/div_Lihat Detail_bg-white px-3 py-3 d-flex _c5ac12' is clicked on

2023-12-15 13:21:39 - [MESSAGE][PASSED] - Delayed 2 second(s)

2023-12-15 13:21:39 - [MESSAGE][PASSED] - I click the chatbot button

2023-12-15 13:21:39 - [TEST_STEP][PASSED] - I click the return button: I click the return button

2023-12-15 13:21:39 - [MESSAGE][PASSED] - Object: 'Object Repository/Dokter-DashboardNotifikasiChatbot/Page_EmphatiCare Doctor/svg' is clicked on

2023-12-15 13:21:41 - [MESSAGE][PASSED] - Delayed 2 second(s)

2023-12-15 13:21:41 - [MESSAGE][PASSED] - I click the return button

2023-12-15 13:21:41 - [TEST_STEP][PASSED] - I should be redirected to the dashboard page: I should be redirected to the dashboard page

2023-12-15 13:21:42 - [MESSAGE][PASSED] - Browser is closed

2023-12-15 13:21:42 - [MESSAGE][PASSED] - I should be redirected to the dashboard page

2023-12-15 13:21:42 - [MESSAGE][PASSED] - Feature file: 'Include/features/Dokter/Dokter-DashboardNotifikasiChatBot.feature' was passed]]></system-out>
         <system-err><![CDATA[]]></system-err>
      </testcase>
      <system-out><![CDATA[2023-12-15 13:16:58 - [TEST_SUITE][PASSED] - Test Suite: Test Cases/Test_BDD]]></system-out>
      <system-err><![CDATA[]]></system-err>
   </testsuite>
</testsuites>
